<?xml version="1.0" encoding="UTF-8"?>
<!-- Generated by org.testng.reporters.JUnitReportReporter -->
<testsuite hostname="chuck-17fe713a8" name="TestTutor" tests="4" failures="0" timestamp="19 Jun 2014 03:16:46 GMT" time="11.452" errors="0">
  <testcase name="testBadLogin" time="4.657" classname="TestTutor"/>
  <testcase name="testEmptyFields" time="1.140" classname="TestTutor"/>
  <testcase name="clickAwards" time="2.343" classname="TestTutor"/>
  <testcase name="testSuccessfulLogin" time="3.312" classname="TestTutor"/>
</testsuite> <!-- TestTutor -->
